<?xml version="1.0" encoding="UTF-8"?>
<!-- Generated by org.testng.reporters.JUnitXMLReporter -->
<testsuite hostname="SSPL-LP-DNS-0204" tests="0" failures="0" timestamp="23 Dec 2019 13:06:11 GMT" time="0.07" errors="0">
  <testcase name="@BeforeTest browerOpen" time="0.0" classname="app.chatroom.common.BrowserOpenCloseTest">
    <failure type="java.lang.IllegalStateException" message="The driver executable does not exist: /home/suryakhanna/eclipse-workspace/ChatAppAutomation/src/resources/drivers/chromedriver">
      <![CDATA[java.lang.IllegalStateException: The driver executable does not exist: /home/suryakhanna/eclipse-workspace/ChatAppAutomation/src/resources/drivers/chromedriver
	at com.google.common.base.Preconditions.checkState(Preconditions.java:585)
	at org.openqa.selenium.remote.service.DriverService.checkExecutable(DriverService.java:146)
	at org.openqa.selenium.remote.service.DriverService.findExecutable(DriverService.java:141)
	at org.openqa.selenium.chrome.ChromeDriverService.access$000(ChromeDriverService.java:35)
	at org.openqa.selenium.chrome.ChromeDriverService$Builder.findDefaultExecutable(ChromeDriverService.java:159)
	at org.openqa.selenium.remote.service.DriverService$Builder.build(DriverService.java:355)
	at org.openqa.selenium.chrome.ChromeDriverService.createDefaultService(ChromeDriverService.java:94)
	at org.openqa.selenium.chrome.ChromeDriver.<init>(ChromeDriver.java:123)
	at app.chatroom.utility.DriverClass.<init>(DriverClass.java:32)
	at app.chatroom.common.BrowserOpenCloseTest.browerOpen(BrowserOpenCloseTest.java:24)
... Removed 24 stack frames]]>
    </failure>
  </testcase> <!-- @BeforeTest browerOpen -->
  <testcase name="@AfterTest browserClose" time="0.0" classname="app.chatroom.common.BrowserOpenCloseTest">
    <failure type="java.lang.NullPointerException">
      <![CDATA[java.lang.NullPointerException
	at app.chatroom.common.BrowserOpenCloseTest.browserClose(BrowserOpenCloseTest.java:34)
... Removed 24 stack frames]]>
    </failure>
  </testcase> <!-- @AfterTest browserClose -->
</testsuite>
